<?xml version="1.0" encoding="UTF-8"?>
<!-- Generated by org.testng.reporters.JUnitXMLReporter -->
<testsuite ignored="0" hostname="DESKTOP-JCDCUVQ" failures="0" tests="7" name="Default test" time="7.841" errors="0" timestamp="2023-11-02T03:40:57 PDT">
  <testcase classname="TestCasesDefinations.DemoAppTestCasesExecution" name="testCase001" time="1.083"/>
  <testcase classname="TestCasesDefinations.DemoAppTestCasesExecution" name="testCase002" time="1.704"/>
  <testcase classname="TestCasesDefinations.DemoAppTestCasesExecution" name="testCase003" time="0.357"/>
  <testcase classname="TestCasesDefinations.DemoAppTestCasesExecution" name="testCase004" time="0.382"/>
  <testcase classname="TestCasesDefinations.DemoAppTestCasesExecution" name="testCase005" time="0.342"/>
  <testcase classname="TestCasesDefinations.DemoAppTestCasesExecution" name="testCase006" time="2.363"/>
  <testcase classname="TestCasesDefinations.DemoAppTestCasesExecution" name="testCase007" time="1.58"/>
</testsuite> <!-- Default test -->
