<?xml version="1.0" encoding="UTF-8"?>
<!-- Generated by org.testng.reporters.JUnitXMLReporter -->
<testsuite ignored="0" hostname="DESKTOP-JCDCUVQ" failures="0" tests="7" name="Test" time="9.318" errors="0" timestamp="2023-11-02T04:46:08 PDT">
  <testcase classname="TestCasesDefinations.DemoAppTestCasesExecution" name="testCase001" time="1.756"/>
  <testcase classname="TestCasesDefinations.DemoAppTestCasesExecution" name="testCase002" time="2.129"/>
  <testcase classname="TestCasesDefinations.DemoAppTestCasesExecution" name="testCase003" time="0.406"/>
  <testcase classname="TestCasesDefinations.DemoAppTestCasesExecution" name="testCase004" time="0.419"/>
  <testcase classname="TestCasesDefinations.DemoAppTestCasesExecution" name="testCase005" time="0.315"/>
  <testcase classname="TestCasesDefinations.DemoAppTestCasesExecution" name="testCase006" time="2.769"/>
  <testcase classname="TestCasesDefinations.DemoAppTestCasesExecution" name="testCase007" time="1.493"/>
</testsuite> <!-- Test -->
